<?xml version="1.0" encoding="UTF-8"?>
<testsuite name="com.csc.TestFuzzyFinder" tests="4" skipped="0" failures="0" errors="0" timestamp="2024-10-28T02:55:42" hostname="JEROMESLAPTOP" time="0.03">
  <properties/>
  <testcase name="RandomBinaryTest()" classname="com.csc.TestFuzzyFinder" time="0.015"/>
  <testcase name="RandomLinearTest()" classname="com.csc.TestFuzzyFinder" time="0.004"/>
  <testcase name="SortedBinaryTest()" classname="com.csc.TestFuzzyFinder" time="0.004"/>
  <testcase name="SortedLinearTest()" classname="com.csc.TestFuzzyFinder" time="0.004"/>
  <system-out><![CDATA[]]></system-out>
  <system-err><![CDATA[]]></system-err>
</testsuite>
